<?xml version="1.0" encoding="UTF-8"?>
<!-- Generated by org.testng.reporters.JUnitXMLReporter -->
<testsuite ignored="0" hostname="DESKTOP-NS9V9UI" failures="1" tests="1" name="Test" time="60.161" errors="0" timestamp="2024-07-19T16:33:03 IST">
  <testcase classname="com.inetBanking.testcases.LoginTest" name="loginTest" time="21.832">
    <failure type="org.openqa.selenium.ElementClickInterceptedException" message="element click intercepted: Element &amp;lt;span class=&amp;quot;mdc-button__label&amp;quot;&amp;gt;...&amp;lt;/span&amp;gt; is not clickable at point (741, 570). Other element would receive the click: &amp;lt;app-button _ngcontent-ng-c2135982524=&amp;quot;&amp;quot; _nghost-ng-c1810444523=&amp;quot;&amp;quot; ng-reflect-type=&amp;quot;submit&amp;quot; ng-reflect-value=&amp;quot;Generate OTP&amp;quot; ng-reflect-is-disabled=&amp;quot;true&amp;quot; class=&amp;quot;ng-star-inserted&amp;quot;&amp;gt;...&amp;lt;/app-button&amp;gt;
  (Session info: MicrosoftEdge=126.0.2592.102)
Build info: version: &amp;apos;4.18.1&amp;apos;, revision: &amp;apos;b1d3319b48&amp;apos;
System info: os.name: &amp;apos;Windows 11&amp;apos;, os.arch: &amp;apos;amd64&amp;apos;, os.version: &amp;apos;10.0&amp;apos;, java.version: &amp;apos;21.0.2&amp;apos;
Driver info: org.openqa.selenium.edge.EdgeDriver
Command: [2a46113eefe2cae87b9c6654d0e900a9, clickElement {id=f.DA85CD3E154963A3D989F82C783A7CCB.d.CA728227A2B42571205F06A9F94E0E11.e.136}]
Capabilities {acceptInsecureCerts: false, browserName: MicrosoftEdge, browserVersion: 126.0.2592.102, fedcm:accounts: true, ms:edgeOptions: {debuggerAddress: localhost:50584}, msedge: {msedgedriverVersion: 126.0.2592.113 (088a59f7406..., userDataDir: C:\Users\Mrunal\AppData\Loc...}, networkConnectionEnabled: false, pageLoadStrategy: normal, platformName: windows, proxy: Proxy(), se:cdp: ws://localhost:50584/devtoo..., se:cdpVersion: 126.0.2592.102, setWindowRect: true, strictFileInteractability: false, timeouts: {implicit: 0, pageLoad: 300000, script: 30000}, unhandledPromptBehavior: dismiss and notify, webauthn:extension:credBlob: true, webauthn:extension:largeBlob: true, webauthn:extension:minPinLength: true, webauthn:extension:prf: true, webauthn:virtualAuthenticators: true}
Element: [[EdgeDriver: MicrosoftEdge on windows (2a46113eefe2cae87b9c6654d0e900a9)] -&amp;gt; xpath: //*[text()=&amp;apos;Generate OTP&amp;apos;]]
Session ID: 2a46113eefe2cae87b9c6654d0e900a9">
      <![CDATA[org.openqa.selenium.ElementClickInterceptedException: element click intercepted: Element <span class="mdc-button__label">...</span> is not clickable at point (741, 570). Other element would receive the click: <app-button _ngcontent-ng-c2135982524="" _nghost-ng-c1810444523="" ng-reflect-type="submit" ng-reflect-value="Generate OTP" ng-reflect-is-disabled="true" class="ng-star-inserted">...</app-button>
  (Session info: MicrosoftEdge=126.0.2592.102)
Build info: version: '4.18.1', revision: 'b1d3319b48'
System info: os.name: 'Windows 11', os.arch: 'amd64', os.version: '10.0', java.version: '21.0.2'
Driver info: org.openqa.selenium.edge.EdgeDriver
Command: [2a46113eefe2cae87b9c6654d0e900a9, clickElement {id=f.DA85CD3E154963A3D989F82C783A7CCB.d.CA728227A2B42571205F06A9F94E0E11.e.136}]
Capabilities {acceptInsecureCerts: false, browserName: MicrosoftEdge, browserVersion: 126.0.2592.102, fedcm:accounts: true, ms:edgeOptions: {debuggerAddress: localhost:50584}, msedge: {msedgedriverVersion: 126.0.2592.113 (088a59f7406..., userDataDir: C:\Users\Mrunal\AppData\Loc...}, networkConnectionEnabled: false, pageLoadStrategy: normal, platformName: windows, proxy: Proxy(), se:cdp: ws://localhost:50584/devtoo..., se:cdpVersion: 126.0.2592.102, setWindowRect: true, strictFileInteractability: false, timeouts: {implicit: 0, pageLoad: 300000, script: 30000}, unhandledPromptBehavior: dismiss and notify, webauthn:extension:credBlob: true, webauthn:extension:largeBlob: true, webauthn:extension:minPinLength: true, webauthn:extension:prf: true, webauthn:virtualAuthenticators: true}
Element: [[EdgeDriver: MicrosoftEdge on windows (2a46113eefe2cae87b9c6654d0e900a9)] -> xpath: //*[text()='Generate OTP']]
Session ID: 2a46113eefe2cae87b9c6654d0e900a9
at org.openqa.selenium.remote.ErrorCodec.decode(ErrorCodec.java:167)
at org.openqa.selenium.remote.codec.w3c.W3CHttpResponseCodec.decode(W3CHttpResponseCodec.java:138)
at org.openqa.selenium.remote.codec.w3c.W3CHttpResponseCodec.decode(W3CHttpResponseCodec.java:50)
at org.openqa.selenium.remote.HttpCommandExecutor.execute(HttpCommandExecutor.java:190)
at org.openqa.selenium.remote.service.DriverCommandExecutor.invokeExecute(DriverCommandExecutor.java:216)
at org.openqa.selenium.remote.service.DriverCommandExecutor.execute(DriverCommandExecutor.java:174)
at org.openqa.selenium.remote.RemoteWebDriver.execute(RemoteWebDriver.java:519)
at org.openqa.selenium.remote.RemoteWebElement.execute(RemoteWebElement.java:223)
at org.openqa.selenium.remote.RemoteWebElement.click(RemoteWebElement.java:76)
at com.inetBanking.testcases.LoginTest.loginTest(LoginTest.java:44)
at java.base/java.util.ArrayList.forEach(ArrayList.java:1596)
... Removed 28 stack frames]]>
    </failure>
  </testcase> <!-- loginTest -->
</testsuite> <!-- Test -->
