<?xml version="1.0" encoding="UTF-8"?>
<testng-results ignored="0" total="1" passed="1" failed="0" skipped="0">
  <reporter-output>
  </reporter-output>
  <suite started-at="2024-07-19T17:46:28 IST" name="Default suite" finished-at="2024-07-19T17:47:45 IST" duration-ms="77386">
    <groups>
    </groups>
    <test started-at="2024-07-19T17:46:28 IST" name="Default test" finished-at="2024-07-19T17:47:45 IST" duration-ms="77386">
      <class name="com.inetBanking.testcases.LoginTest">
        <test-method is-config="true" signature="setUp(java.lang.String)[pri:0, instance:com.inetBanking.testcases.LoginTest@6a6cb05c]" started-at="2024-07-19T17:46:28 IST" name="setUp" finished-at="2024-07-19T17:47:04 IST" duration-ms="36755" status="PASS">
          <params>
            <param index="0">
              <value>
                <![CDATA[chrome]]>
              </value>
            </param>
          </params>
          <reporter-output>
          </reporter-output>
        </test-method> <!-- setUp -->
        <test-method signature="loginTest()[pri:0, instance:com.inetBanking.testcases.LoginTest@6a6cb05c]" started-at="2024-07-19T17:47:05 IST" name="loginTest" finished-at="2024-07-19T17:47:45 IST" duration-ms="40280" status="PASS">
          <reporter-output>
          </reporter-output>
        </test-method> <!-- loginTest -->
        <test-method is-config="true" signature="tearDown()[pri:0, instance:com.inetBanking.testcases.LoginTest@6a6cb05c]" started-at="2024-07-19T17:47:45 IST" name="tearDown" finished-at="2024-07-19T17:47:45 IST" duration-ms="293" status="PASS">
          <reporter-output>
          </reporter-output>
        </test-method> <!-- tearDown -->
      </class> <!-- com.inetBanking.testcases.LoginTest -->
    </test> <!-- Default test -->
  </suite> <!-- Default suite -->
</testng-results>
